[debug] [2018-05-14T14:20:23.585Z] ----------------------------------------------------------------------
[debug] [2018-05-14T14:20:23.585Z] Command:       C:\Program Files\nodejs\node.exe C:\Users\trend\AppData\Roaming\npm\node_modules\firebase-tools\bin\firebase serve
[debug] [2018-05-14T14:20:23.590Z] CLI Version:   3.18.4
[debug] [2018-05-14T14:20:23.590Z] Platform:      win32
[debug] [2018-05-14T14:20:23.590Z] Node Version:  v8.11.1
[debug] [2018-05-14T14:20:23.590Z] Time:          Tue May 15 2018 00:20:23 GMT+1000 (AUS Eastern Standard Time)
[debug] [2018-05-14T14:20:23.590Z] ----------------------------------------------------------------------
[debug] 
[debug] [2018-05-14T14:20:23.605Z] > command requires scopes: ["email","openid","https://www.googleapis.com/auth/cloudplatformprojects.readonly","https://www.googleapis.com/auth/firebase","https://www.googleapis.com/auth/cloud-platform"]
[debug] [2018-05-14T14:20:23.605Z] > authorizing via signed-in user
[debug] [2018-05-14T14:20:23.610Z] >>> HTTP REQUEST GET https://admin.firebase.com/v1/projects/legitzccz  
  
 Tue May 15 2018 00:20:23 GMT+1000 (AUS Eastern Standard Time)
[debug] [2018-05-14T14:20:24.818Z] <<< HTTP RESPONSE 200
[debug] [2018-05-14T14:20:24.818Z] >>> HTTP REQUEST GET https://admin.firebase.com/v1/database/legitzccz/tokens  
  
 Tue May 15 2018 00:20:24 GMT+1000 (AUS Eastern Standard Time)
[debug] [2018-05-14T14:20:25.814Z] <<< HTTP RESPONSE 200
[debug] [2018-05-14T14:20:25.819Z] >>> HTTP REQUEST GET https://cloudresourcemanager.googleapis.com/v1/projects/legitzccz  
  
 Tue May 15 2018 00:20:25 GMT+1000 (AUS Eastern Standard Time)
[debug] [2018-05-14T14:20:27.325Z] <<< HTTP RESPONSE 200
[info] 
[info] === Serving from 'C:\Users\trend\Documents\GitHub\_masterFirebase\legitzccz'...
[info] 
[debug] [2018-05-14T14:20:27.330Z] >>> HTTP REQUEST GET https://mobilesdk-pa.googleapis.com/v1/projects/773861291615/clients/_:getWebAppConfig  
  
 Tue May 15 2018 00:20:27 GMT+1000 (AUS Eastern Standard Time)
[debug] [2018-05-14T14:20:28.398Z] <<< HTTP RESPONSE 200
[info] i  hosting: Serving hosting files from: public
[info] +  hosting: Local server: http://localhost:5000

